2026-04-09 11:30:35 - src.models.classifier - INFO - Initialized rf classifier
2026-04-09 11:30:35 - src.models.classifier - INFO - Training rf model...
2026-04-09 11:30:37 - src.models.classifier - INFO - Training completed in 1.40s
2026-04-09 11:30:39 - src.models.classifier - INFO - Inference: total=0.085s, per_sample=17.2393ms
2026-04-09 11:30:39 - src.evaluation.clf_metrics - INFO - Accuracy=0.9609  Macro-F1=0.8746  Weighted-F1=0.9610
2026-04-09 11:30:39 - src.evaluation.clf_metrics - INFO - Metrics JSON saved: C:\Users\Harry Liao\Documents\homework\results\experiments\group_e1_rf_S5_W10\group_e1_rf_S5_W10_metrics.json
2026-04-09 11:30:39 - src.evaluation.clf_metrics - INFO - Per-class CSV saved: C:\Users\Harry Liao\Documents\homework\results\experiments\group_e1_rf_S5_W10\group_e1_rf_S5_W10_per_class.csv
2026-04-09 11:30:39 - src.evaluation.clf_metrics - INFO - Confusion matrix plot saved: C:\Users\Harry Liao\Documents\homework\results\experiments\group_e1_rf_S5_W10\group_e1_rf_S5_W10_confusion.png
2026-04-09 11:33:53 - src.models.classifier - INFO - Initialized xgb classifier
2026-04-09 11:33:53 - src.models.classifier - INFO - Training xgb model...
2026-04-09 11:33:57 - src.models.classifier - INFO - Training completed in 3.97s
2026-04-09 11:33:57 - src.models.classifier - INFO - Inference: total=0.051s, per_sample=0.7111ms
2026-04-09 11:33:57 - src.evaluation.clf_metrics - INFO - Accuracy=0.9648  Macro-F1=0.8756  Weighted-F1=0.9647
2026-04-09 11:33:57 - src.evaluation.clf_metrics - INFO - Metrics JSON saved: C:\Users\Harry Liao\Documents\homework\results\experiments\group_e1_xgb_S5_W10\group_e1_xgb_S5_W10_metrics.json
2026-04-09 11:33:57 - src.evaluation.clf_metrics - INFO - Per-class CSV saved: C:\Users\Harry Liao\Documents\homework\results\experiments\group_e1_xgb_S5_W10\group_e1_xgb_S5_W10_per_class.csv
2026-04-09 11:33:58 - src.evaluation.clf_metrics - INFO - Confusion matrix plot saved: C:\Users\Harry Liao\Documents\homework\results\experiments\group_e1_xgb_S5_W10\group_e1_xgb_S5_W10_confusion.png
2026-04-09 11:37:34 - src.models.classifier - INFO - Initialized rf classifier
2026-04-09 11:37:34 - src.models.classifier - INFO - Training rf model...
2026-04-09 11:37:36 - src.models.classifier - INFO - Training completed in 1.33s
2026-04-09 11:37:38 - src.models.classifier - INFO - Inference: total=0.074s, per_sample=19.0312ms
2026-04-09 11:37:38 - src.evaluation.clf_metrics - INFO - Accuracy=0.9735  Macro-F1=0.9033  Weighted-F1=0.9732
2026-04-09 11:37:38 - src.evaluation.clf_metrics - INFO - Metrics JSON saved: C:\Users\Harry Liao\Documents\homework\results\experiments\group_e1_rf_S5_W30\group_e1_rf_S5_W30_metrics.json
2026-04-09 11:37:38 - src.evaluation.clf_metrics - INFO - Per-class CSV saved: C:\Users\Harry Liao\Documents\homework\results\experiments\group_e1_rf_S5_W30\group_e1_rf_S5_W30_per_class.csv
2026-04-09 11:37:38 - src.evaluation.clf_metrics - INFO - Confusion matrix plot saved: C:\Users\Harry Liao\Documents\homework\results\experiments\group_e1_rf_S5_W30\group_e1_rf_S5_W30_confusion.png
2026-04-09 11:41:16 - src.models.classifier - INFO - Initialized xgb classifier
2026-04-09 11:41:16 - src.models.classifier - INFO - Training xgb model...
2026-04-09 11:41:19 - src.models.classifier - INFO - Training completed in 3.61s
2026-04-09 11:41:19 - src.models.classifier - INFO - Inference: total=0.043s, per_sample=0.6688ms
2026-04-09 11:41:19 - src.evaluation.clf_metrics - INFO - Accuracy=0.9726  Macro-F1=0.8997  Weighted-F1=0.9726
2026-04-09 11:41:19 - src.evaluation.clf_metrics - INFO - Metrics JSON saved: C:\Users\Harry Liao\Documents\homework\results\experiments\group_e1_xgb_S5_W30\group_e1_xgb_S5_W30_metrics.json
2026-04-09 11:41:19 - src.evaluation.clf_metrics - INFO - Per-class CSV saved: C:\Users\Harry Liao\Documents\homework\results\experiments\group_e1_xgb_S5_W30\group_e1_xgb_S5_W30_per_class.csv
2026-04-09 11:41:20 - src.evaluation.clf_metrics - INFO - Confusion matrix plot saved: C:\Users\Harry Liao\Documents\homework\results\experiments\group_e1_xgb_S5_W30\group_e1_xgb_S5_W30_confusion.png
2026-04-09 11:45:02 - src.models.classifier - INFO - Initialized rf classifier
2026-04-09 11:45:02 - src.models.classifier - INFO - Training rf model...
2026-04-09 11:45:04 - src.models.classifier - INFO - Training completed in 1.43s
2026-04-09 11:45:06 - src.models.classifier - INFO - Inference: total=0.074s, per_sample=19.3492ms
2026-04-09 11:45:06 - src.evaluation.clf_metrics - INFO - Accuracy=0.9776  Macro-F1=0.9123  Weighted-F1=0.9776
2026-04-09 11:45:06 - src.evaluation.clf_metrics - INFO - Metrics JSON saved: C:\Users\Harry Liao\Documents\homework\results\experiments\group_e1_rf_S5_W60\group_e1_rf_S5_W60_metrics.json
2026-04-09 11:45:06 - src.evaluation.clf_metrics - INFO - Per-class CSV saved: C:\Users\Harry Liao\Documents\homework\results\experiments\group_e1_rf_S5_W60\group_e1_rf_S5_W60_per_class.csv
2026-04-09 11:45:06 - src.evaluation.clf_metrics - INFO - Confusion matrix plot saved: C:\Users\Harry Liao\Documents\homework\results\experiments\group_e1_rf_S5_W60\group_e1_rf_S5_W60_confusion.png
2026-04-09 11:48:50 - src.models.classifier - INFO - Initialized xgb classifier
2026-04-09 11:48:50 - src.models.classifier - INFO - Training xgb model...
2026-04-09 11:48:53 - src.models.classifier - INFO - Training completed in 3.22s
2026-04-09 11:48:53 - src.models.classifier - INFO - Inference: total=0.043s, per_sample=0.7916ms
2026-04-09 11:48:53 - src.evaluation.clf_metrics - INFO - Accuracy=0.9804  Macro-F1=0.9281  Weighted-F1=0.9805
2026-04-09 11:48:53 - src.evaluation.clf_metrics - INFO - Metrics JSON saved: C:\Users\Harry Liao\Documents\homework\results\experiments\group_e1_xgb_S5_W60\group_e1_xgb_S5_W60_metrics.json
2026-04-09 11:48:53 - src.evaluation.clf_metrics - INFO - Per-class CSV saved: C:\Users\Harry Liao\Documents\homework\results\experiments\group_e1_xgb_S5_W60\group_e1_xgb_S5_W60_per_class.csv
2026-04-09 11:48:53 - src.evaluation.clf_metrics - INFO - Confusion matrix plot saved: C:\Users\Harry Liao\Documents\homework\results\experiments\group_e1_xgb_S5_W60\group_e1_xgb_S5_W60_confusion.png
2026-04-09 11:50:33 - src.models.classifier - INFO - Initialized rf classifier
2026-04-09 11:50:33 - src.models.classifier - INFO - Training rf model...
2026-04-09 11:50:34 - src.models.classifier - INFO - Training completed in 0.66s
2026-04-09 11:50:35 - src.models.classifier - INFO - Inference: total=0.040s, per_sample=18.5951ms
2026-04-09 11:50:35 - src.evaluation.clf_metrics - INFO - Accuracy=0.9636  Macro-F1=0.8793  Weighted-F1=0.9635
2026-04-09 11:50:35 - src.evaluation.clf_metrics - INFO - Metrics JSON saved: C:\Users\Harry Liao\Documents\homework\results\experiments\group_e1_rf_S10_W10\group_e1_rf_S10_W10_metrics.json
2026-04-09 11:50:35 - src.evaluation.clf_metrics - INFO - Per-class CSV saved: C:\Users\Harry Liao\Documents\homework\results\experiments\group_e1_rf_S10_W10\group_e1_rf_S10_W10_per_class.csv
2026-04-09 11:50:36 - src.evaluation.clf_metrics - INFO - Confusion matrix plot saved: C:\Users\Harry Liao\Documents\homework\results\experiments\group_e1_rf_S10_W10\group_e1_rf_S10_W10_confusion.png
2026-04-09 11:52:16 - src.models.classifier - INFO - Initialized xgb classifier
2026-04-09 11:52:16 - src.models.classifier - INFO - Training xgb model...
2026-04-09 11:52:18 - src.models.classifier - INFO - Training completed in 2.52s
2026-04-09 11:52:18 - src.models.classifier - INFO - Inference: total=0.040s, per_sample=0.7375ms
2026-04-09 11:52:18 - src.evaluation.clf_metrics - INFO - Accuracy=0.9680  Macro-F1=0.8987  Weighted-F1=0.9680
2026-04-09 11:52:18 - src.evaluation.clf_metrics - INFO - Metrics JSON saved: C:\Users\Harry Liao\Documents\homework\results\experiments\group_e1_xgb_S10_W10\group_e1_xgb_S10_W10_metrics.json
2026-04-09 11:52:18 - src.evaluation.clf_metrics - INFO - Per-class CSV saved: C:\Users\Harry Liao\Documents\homework\results\experiments\group_e1_xgb_S10_W10\group_e1_xgb_S10_W10_per_class.csv
2026-04-09 11:52:19 - src.evaluation.clf_metrics - INFO - Confusion matrix plot saved: C:\Users\Harry Liao\Documents\homework\results\experiments\group_e1_xgb_S10_W10\group_e1_xgb_S10_W10_confusion.png
2026-04-09 11:54:11 - src.models.classifier - INFO - Initialized rf classifier
2026-04-09 11:54:11 - src.models.classifier - INFO - Training rf model...
2026-04-09 11:54:11 - src.models.classifier - INFO - Training completed in 0.69s
2026-04-09 11:54:13 - src.models.classifier - INFO - Inference: total=0.051s, per_sample=19.6639ms
2026-04-09 11:54:13 - src.evaluation.clf_metrics - INFO - Accuracy=0.9702  Macro-F1=0.8956  Weighted-F1=0.9697
2026-04-09 11:54:13 - src.evaluation.clf_metrics - INFO - Metrics JSON saved: C:\Users\Harry Liao\Documents\homework\results\experiments\group_e1_rf_S10_W30\group_e1_rf_S10_W30_metrics.json
2026-04-09 11:54:13 - src.evaluation.clf_metrics - INFO - Per-class CSV saved: C:\Users\Harry Liao\Documents\homework\results\experiments\group_e1_rf_S10_W30\group_e1_rf_S10_W30_per_class.csv
2026-04-09 11:54:14 - src.evaluation.clf_metrics - INFO - Confusion matrix plot saved: C:\Users\Harry Liao\Documents\homework\results\experiments\group_e1_rf_S10_W30\group_e1_rf_S10_W30_confusion.png
2026-04-09 11:56:05 - src.models.classifier - INFO - Initialized xgb classifier
2026-04-09 11:56:05 - src.models.classifier - INFO - Training xgb model...
2026-04-09 11:56:07 - src.models.classifier - INFO - Training completed in 2.23s
2026-04-09 11:56:08 - src.models.classifier - INFO - Inference: total=0.029s, per_sample=0.7704ms
2026-04-09 11:56:08 - src.evaluation.clf_metrics - INFO - Accuracy=0.9740  Macro-F1=0.9155  Weighted-F1=0.9741
2026-04-09 11:56:08 - src.evaluation.clf_metrics - INFO - Metrics JSON saved: C:\Users\Harry Liao\Documents\homework\results\experiments\group_e1_xgb_S10_W30\group_e1_xgb_S10_W30_metrics.json
2026-04-09 11:56:08 - src.evaluation.clf_metrics - INFO - Per-class CSV saved: C:\Users\Harry Liao\Documents\homework\results\experiments\group_e1_xgb_S10_W30\group_e1_xgb_S10_W30_per_class.csv
2026-04-09 11:56:08 - src.evaluation.clf_metrics - INFO - Confusion matrix plot saved: C:\Users\Harry Liao\Documents\homework\results\experiments\group_e1_xgb_S10_W30\group_e1_xgb_S10_W30_confusion.png
2026-04-09 11:58:03 - src.models.classifier - INFO - Initialized rf classifier
2026-04-09 11:58:03 - src.models.classifier - INFO - Training rf model...
2026-04-09 11:58:04 - src.models.classifier - INFO - Training completed in 0.67s
2026-04-09 11:58:06 - src.models.classifier - INFO - Inference: total=0.051s, per_sample=20.3310ms
2026-04-09 11:58:06 - src.evaluation.clf_metrics - INFO - Accuracy=0.9765  Macro-F1=0.9096  Weighted-F1=0.9764
2026-04-09 11:58:06 - src.evaluation.clf_metrics - INFO - Metrics JSON saved: C:\Users\Harry Liao\Documents\homework\results\experiments\group_e1_rf_S10_W60\group_e1_rf_S10_W60_metrics.json
2026-04-09 11:58:06 - src.evaluation.clf_metrics - INFO - Per-class CSV saved: C:\Users\Harry Liao\Documents\homework\results\experiments\group_e1_rf_S10_W60\group_e1_rf_S10_W60_per_class.csv
2026-04-09 11:58:06 - src.evaluation.clf_metrics - INFO - Confusion matrix plot saved: C:\Users\Harry Liao\Documents\homework\results\experiments\group_e1_rf_S10_W60\group_e1_rf_S10_W60_confusion.png
2026-04-09 12:00:01 - src.models.classifier - INFO - Initialized xgb classifier
2026-04-09 12:00:01 - src.models.classifier - INFO - Training xgb model...
2026-04-09 12:00:03 - src.models.classifier - INFO - Training completed in 1.93s
2026-04-09 12:00:03 - src.models.classifier - INFO - Inference: total=0.026s, per_sample=0.6440ms
2026-04-09 12:00:03 - src.evaluation.clf_metrics - INFO - Accuracy=0.9811  Macro-F1=0.9278  Weighted-F1=0.9812
2026-04-09 12:00:03 - src.evaluation.clf_metrics - INFO - Metrics JSON saved: C:\Users\Harry Liao\Documents\homework\results\experiments\group_e1_xgb_S10_W60\group_e1_xgb_S10_W60_metrics.json
2026-04-09 12:00:03 - src.evaluation.clf_metrics - INFO - Per-class CSV saved: C:\Users\Harry Liao\Documents\homework\results\experiments\group_e1_xgb_S10_W60\group_e1_xgb_S10_W60_per_class.csv
2026-04-09 12:00:03 - src.evaluation.clf_metrics - INFO - Confusion matrix plot saved: C:\Users\Harry Liao\Documents\homework\results\experiments\group_e1_xgb_S10_W60\group_e1_xgb_S10_W60_confusion.png
2026-04-09 12:00:55 - src.models.classifier - INFO - Initialized rf classifier
2026-04-09 12:00:55 - src.models.classifier - INFO - Training rf model...
2026-04-09 12:00:55 - src.models.classifier - INFO - Training completed in 0.34s
2026-04-09 12:00:57 - src.models.classifier - INFO - Inference: total=0.031s, per_sample=19.7869ms
2026-04-09 12:00:57 - src.evaluation.clf_metrics - INFO - Accuracy=0.9593  Macro-F1=0.8339  Weighted-F1=0.9588
2026-04-09 12:00:57 - src.evaluation.clf_metrics - INFO - Metrics JSON saved: C:\Users\Harry Liao\Documents\homework\results\experiments\group_e1_rf_S20_W10\group_e1_rf_S20_W10_metrics.json
2026-04-09 12:00:57 - src.evaluation.clf_metrics - INFO - Per-class CSV saved: C:\Users\Harry Liao\Documents\homework\results\experiments\group_e1_rf_S20_W10\group_e1_rf_S20_W10_per_class.csv
2026-04-09 12:00:58 - src.evaluation.clf_metrics - INFO - Confusion matrix plot saved: C:\Users\Harry Liao\Documents\homework\results\experiments\group_e1_rf_S20_W10\group_e1_rf_S20_W10_confusion.png
2026-04-09 12:01:49 - src.models.classifier - INFO - Initialized xgb classifier
2026-04-09 12:01:49 - src.models.classifier - INFO - Training xgb model...
2026-04-09 12:01:51 - src.models.classifier - INFO - Training completed in 1.50s
2026-04-09 12:01:51 - src.models.classifier - INFO - Inference: total=0.019s, per_sample=0.7170ms
2026-04-09 12:01:51 - src.evaluation.clf_metrics - INFO - Accuracy=0.9589  Macro-F1=0.8400  Weighted-F1=0.9586
2026-04-09 12:01:51 - src.evaluation.clf_metrics - INFO - Metrics JSON saved: C:\Users\Harry Liao\Documents\homework\results\experiments\group_e1_xgb_S20_W10\group_e1_xgb_S20_W10_metrics.json
2026-04-09 12:01:51 - src.evaluation.clf_metrics - INFO - Per-class CSV saved: C:\Users\Harry Liao\Documents\homework\results\experiments\group_e1_xgb_S20_W10\group_e1_xgb_S20_W10_per_class.csv
2026-04-09 12:01:51 - src.evaluation.clf_metrics - INFO - Confusion matrix plot saved: C:\Users\Harry Liao\Documents\homework\results\experiments\group_e1_xgb_S20_W10\group_e1_xgb_S20_W10_confusion.png
2026-04-09 12:02:48 - src.models.classifier - INFO - Initialized rf classifier
2026-04-09 12:02:48 - src.models.classifier - INFO - Training rf model...
2026-04-09 12:02:49 - src.models.classifier - INFO - Training completed in 0.34s
2026-04-09 12:02:51 - src.models.classifier - INFO - Inference: total=0.030s, per_sample=19.5145ms
2026-04-09 12:02:51 - src.evaluation.clf_metrics - INFO - Accuracy=0.9690  Macro-F1=0.8713  Weighted-F1=0.9686
2026-04-09 12:02:51 - src.evaluation.clf_metrics - INFO - Metrics JSON saved: C:\Users\Harry Liao\Documents\homework\results\experiments\group_e1_rf_S20_W30\group_e1_rf_S20_W30_metrics.json
2026-04-09 12:02:51 - src.evaluation.clf_metrics - INFO - Per-class CSV saved: C:\Users\Harry Liao\Documents\homework\results\experiments\group_e1_rf_S20_W30\group_e1_rf_S20_W30_per_class.csv
2026-04-09 12:02:51 - src.evaluation.clf_metrics - INFO - Confusion matrix plot saved: C:\Users\Harry Liao\Documents\homework\results\experiments\group_e1_rf_S20_W30\group_e1_rf_S20_W30_confusion.png
2026-04-09 12:03:48 - src.models.classifier - INFO - Initialized xgb classifier
2026-04-09 12:03:48 - src.models.classifier - INFO - Training xgb model...
2026-04-09 12:03:49 - src.models.classifier - INFO - Training completed in 1.22s
2026-04-09 12:03:49 - src.models.classifier - INFO - Inference: total=0.014s, per_sample=0.6996ms
2026-04-09 12:03:49 - src.evaluation.clf_metrics - INFO - Accuracy=0.9704  Macro-F1=0.8853  Weighted-F1=0.9697
2026-04-09 12:03:49 - src.evaluation.clf_metrics - INFO - Metrics JSON saved: C:\Users\Harry Liao\Documents\homework\results\experiments\group_e1_xgb_S20_W30\group_e1_xgb_S20_W30_metrics.json
2026-04-09 12:03:49 - src.evaluation.clf_metrics - INFO - Per-class CSV saved: C:\Users\Harry Liao\Documents\homework\results\experiments\group_e1_xgb_S20_W30\group_e1_xgb_S20_W30_per_class.csv
2026-04-09 12:03:50 - src.evaluation.clf_metrics - INFO - Confusion matrix plot saved: C:\Users\Harry Liao\Documents\homework\results\experiments\group_e1_xgb_S20_W30\group_e1_xgb_S20_W30_confusion.png
2026-04-09 12:04:48 - src.models.classifier - INFO - Initialized rf classifier
2026-04-09 12:04:48 - src.models.classifier - INFO - Training rf model...
2026-04-09 12:04:48 - src.models.classifier - INFO - Training completed in 0.38s
2026-04-09 12:04:51 - src.models.classifier - INFO - Inference: total=0.029s, per_sample=20.0424ms
2026-04-09 12:04:51 - src.evaluation.clf_metrics - INFO - Accuracy=0.9751  Macro-F1=0.8943  Weighted-F1=0.9749
2026-04-09 12:04:51 - src.evaluation.clf_metrics - INFO - Metrics JSON saved: C:\Users\Harry Liao\Documents\homework\results\experiments\group_e1_rf_S20_W60\group_e1_rf_S20_W60_metrics.json
2026-04-09 12:04:51 - src.evaluation.clf_metrics - INFO - Per-class CSV saved: C:\Users\Harry Liao\Documents\homework\results\experiments\group_e1_rf_S20_W60\group_e1_rf_S20_W60_per_class.csv
2026-04-09 12:04:51 - src.evaluation.clf_metrics - INFO - Confusion matrix plot saved: C:\Users\Harry Liao\Documents\homework\results\experiments\group_e1_rf_S20_W60\group_e1_rf_S20_W60_confusion.png
2026-04-09 12:05:50 - src.models.classifier - INFO - Initialized xgb classifier
2026-04-09 12:05:50 - src.models.classifier - INFO - Training xgb model...
2026-04-09 12:05:51 - src.models.classifier - INFO - Training completed in 1.06s
2026-04-09 12:05:51 - src.models.classifier - INFO - Inference: total=0.013s, per_sample=0.6386ms
2026-04-09 12:05:51 - src.evaluation.clf_metrics - INFO - Accuracy=0.9739  Macro-F1=0.8973  Weighted-F1=0.9735
2026-04-09 12:05:51 - src.evaluation.clf_metrics - INFO - Metrics JSON saved: C:\Users\Harry Liao\Documents\homework\results\experiments\group_e1_xgb_S20_W60\group_e1_xgb_S20_W60_metrics.json
2026-04-09 12:05:51 - src.evaluation.clf_metrics - INFO - Per-class CSV saved: C:\Users\Harry Liao\Documents\homework\results\experiments\group_e1_xgb_S20_W60\group_e1_xgb_S20_W60_per_class.csv
2026-04-09 12:05:51 - src.evaluation.clf_metrics - INFO - Confusion matrix plot saved: C:\Users\Harry Liao\Documents\homework\results\experiments\group_e1_xgb_S20_W60\group_e1_xgb_S20_W60_confusion.png
